#
# A fatal error has been detected by the Java Runtime Environment:
#
#  EXCEPTION_ACCESS_VIOLATION (0xc0000005) at pc=0x00007ffe89a6959d, pid=17624, tid=9236
#
# JRE version: OpenJDK Runtime Environment Temurin-21.0.7+6 (21.0.7+6) (build 21.0.7+6-LTS)
# Java VM: OpenJDK 64-Bit Server VM Temurin-21.0.7+6 (21.0.7+6-LTS, mixed mode, sharing, tiered, compressed oops, compressed class ptrs, parallel gc, windows-amd64)
# Problematic frame:
# V  [jvm.dll+0x16959d]
#
# No core dump will be written. Minidumps are not enabled by default on client versions of Windows
#
# If you would like to submit a bug report, please visit:
#   https://github.com/adoptium/adoptium-support/issues
#

---------------  S U M M A R Y ------------

Command Line: --add-modules=ALL-SYSTEM --add-opens=java.base/java.util=ALL-UNNAMED --add-opens=java.base/java.lang=ALL-UNNAMED --add-opens=java.base/sun.nio.fs=ALL-UNNAMED -Declipse.application=org.eclipse.jdt.ls.core.id1 -Dosgi.bundles.defaultStartLevel=4 -Declipse.product=org.eclipse.jdt.ls.core.product -Djava.import.generatesMetadataFilesAtProjectRoot=false -DDetectVMInstallationsJob.disabled=true -Dfile.encoding=utf8 -XX:+UseParallelGC -XX:GCTimeRatio=4 -XX:AdaptiveSizePolicyWeight=90 -Dsun.zip.disableMemoryMapping=true -Xmx1G -Xms100m -Xlog:disable -javaagent:c:\Users\yaros\.vscode\extensions\redhat.java-1.42.0-win32-x64\lombok\lombok-1.18.36.jar -XX:+HeapDumpOnOutOfMemoryError -XX:HeapDumpPath=c:\Users\yaros\AppData\Roaming\Code\User\workspaceStorage\316a1f08d9fef52c3e7b7d1550a68a19\redhat.java -Daether.dependencyCollector.impl=bf c:\Users\yaros\.vscode\extensions\redhat.java-1.42.0-win32-x64\server\plugins\org.eclipse.equinox.launcher_1.7.0.v20250424-1814.jar -configuration c:\Users\yaros\AppData\Roaming\Code\User\globalStorage\redhat.java\1.42.0\config_win -data c:\Users\yaros\AppData\Roaming\Code\User\workspaceStorage\316a1f08d9fef52c3e7b7d1550a68a19\redhat.java\jdt_ws --pipe=\\.\pipe\lsp-e715c901ccaff61cbe51de8c6800fd83-sock

Host: AMD Ryzen 7 4800HS with Radeon Graphics         , 16 cores, 15G,  Windows 11 , 64 bit Build 26100 (10.0.26100.4202)
Time: Thu Jun 19 19:52:13 2025 RTZ 6 (s 11 , 64 bit Build 26100 (10.0.26100.4202) elapsed time: 5.455892 seconds (0d 0h 0m 5s)

---------------  T H R E A D  ---------------

Current thread (0x0000020d735d1020):  JavaThread "C1 CompilerThread0" daemon [_thread_in_native, id=9236, stack(0x0000006d52400000,0x0000006d52500000) (1024K)]


Current CompileTask:
C1:5456 2359   !   3       java.lang.String::<init> (890 bytes)

Stack: [0x0000006d52400000,0x0000006d52500000],  sp=0x0000006d524fe468,  free space=1017k
Native frames: (J=compiled Java code, j=interpreted, Vv=VM code, C=native code)
V  [jvm.dll+0x16959d]
C  0x0000020d7938c1e0


siginfo: EXCEPTION_ACCESS_VIOLATION (0xc0000005), reading address 0xffffffffffffffff


Registers:
RAX=0x00007ffe89a69630, RBX=0x0000006d524fe550, RCX=0x00007ffe8a2f7058, RDX=0x0000006d524fe550
RSP=0x0000006d524fe468, RBP=0x0000000000000000, RSI=0x0000006d524fe550, RDI=0x0000020d793918d0
R8 =0x00007ffe8a2f7058, R9 =0x0000020d721e2cf0, R10=0x0000000000000000, R11=0x0000000000000246
R12=0x0000020d1cc66610, R13=0x0000006d524ff040, R14=0x00000000000003d8, R15=0x0000020d272ff210
RIP=0x00007ffe89a6959d, EFLAGS=0x0000000000010297

XMM[0]=0x0000000000000000 0x0000000000000000
XMM[1]=0x0000000000000000 0x0000000000000000
XMM[2]=0x0000000000000000 0x0000000000000000
XMM[3]=0x0000000000000000 0x0000000000000000
XMM[4]=0x0000000000000000 0x0000000000000000
XMM[5]=0x0000000000000000 0x0000000000000000
XMM[6]=0x0000000000000000 0x0000000000000000
XMM[7]=0x0000000000000000 0x0000000000000000
XMM[8]=0x0000000000000000 0x0000000000000000
XMM[9]=0x0000000000000000 0x0000000000000000
XMM[10]=0x0000000000000000 0x0000000000000000
XMM[11]=0x0000000000000000 0x0000000000000000
XMM[12]=0x0000000000000000 0x0000000000000000
XMM[13]=0x0000000000000000 0x0000000000000000
XMM[14]=0x0000000000000000 0x0000000000000000
XMM[15]=0x0000000000000000 0x0000000000000000
  MXCSR=0x00001fa0


Register to memory mapping:

RAX=0x00007ffe89a69630 jvm.dll
RBX=0x0000006d524fe550 is pointing into the stack for thread: 0x0000020d735d1020
RCX=0x00007ffe8a2f7058 jvm.dll
RDX=0x0000006d524fe550 is pointing into the stack for thread: 0x0000020d735d1020
RSP=0x0000006d524fe468 is pointing into the stack for thread: 0x0000020d735d1020
RBP=0x0 is null
RSI=0x0000006d524fe550 is pointing into the stack for thread: 0x0000020d735d1020
RDI=0x0000020d793918d0 points into unknown readable memory: 0x0000020d7938c1e0 | e0 c1 38 79 0d 02 00 00
R8 =0x00007ffe8a2f7058 jvm.dll
R9 =0x0000020d721e2cf0 points into unknown readable memory: 0x0069006e006f0007 | 07 00 6f 00 6e 00 69 00
R10=0x0 is null
R11=0x0000000000000246 is an unknown value
R12=0x0000020d1cc66610 points into unknown readable memory: 0x00007ffe8a2f0640 | 40 06 2f 8a fe 7f 00 00
R13=0x0000006d524ff040 is pointing into the stack for thread: 0x0000020d735d1020
R14=0x00000000000003d8 is an unknown value
R15=0x0000020d272ff210 is at code_begin+-112 in 
[CodeBlob (0x0000020d272ff210)]
Framesize: 0
BufferBlob (0x0000020d272ff210) used for C1 temporary CodeBuffer

Top of Stack: (sp=0x0000006d524fe468)
0x0000006d524fe468:   00007ffe89a695a3 0000006d524fe550
0x0000006d524fe478:   0000006d524fe550 00000000000003d8
0x0000006d524fe488:   0000020d272ff210 0000020d7938c1e0
0x0000006d524fe498:   00007ffe89a696ca 0000020d793918d0
0x0000006d524fe4a8:   0000006d524fe560 0000006d524fe550
0x0000006d524fe4b8:   0000006d524fe598 0000020d79391850
0x0000006d524fe4c8:   00007ffe89a67cd3 000000000000005f
0x0000006d524fe4d8:   0000006d524fe560 0000020d7922dae8
0x0000006d524fe4e8:   0000000000000000 0000006d524fe560
0x0000006d524fe4f8:   00007ffe89a6a9a0 0000020d79391850
0x0000006d524fe508:   000000000000005f 0000020d79377578
0x0000006d524fe518:   0000020d272ff210 0000020d79377578
0x0000006d524fe528:   00007ffe89a68923 0000020d7922da30
0x0000006d524fe538:   0000000000000094 0000020d790da020
0x0000006d524fe548:   0000006d524fe8d0 00007ffe8a2f7058
0x0000006d524fe558:   00007ffe89a68bfb 00007ffe8a2f7068
0x0000006d524fe568:   0000020d7922da30 0000020d00000002
0x0000006d524fe578:   00000000000a00b8 0000000000000000
0x0000006d524fe588:   00007ffe89a52ec3 0000006d524fe8d0
0x0000006d524fe598:   0000006d524fe5f9 00007ffe8a528570
0x0000006d524fe5a8:   00000000000003d8 00007ffe8a2fa5b8
0x0000006d524fe5b8:   0000006d524fe8d0 0000020d79228a30
0x0000006d524fe5c8:   0000009400000094 0000020d79377d90
0x0000006d524fe5d8:   0000000000000000 0000020d79378230
0x0000006d524fe5e8:   00000000000003e2 0000000000000001
0x0000006d524fe5f8:   00007ffe89af27ce 0000020d1cd00000
0x0000006d524fe608:   0000000000000000 0000000000000002
0x0000006d524fe618:   00007ffe89a52a00 0000000000000017
0x0000006d524fe628:   00007ffe8a24b040 0000000000000000
0x0000006d524fe638:   0000000000000000 0000000000000006
0x0000006d524fe648:   0000020d790d9f60 0000000000000000
0x0000006d524fe658:   00007ffe89a53033 0000020d790d9f60 

Instructions: (pc=0x00007ffe89a6959d)
0x00007ffe89a6949d:   48 8b 49 48 e8 4a 16 00 00 48 8b 4c 24 30 8b fd
0x00007ffe89a694ad:   48 85 c9 74 1b 48 63 54 24 28 4c 8d 0d 52 ff ff
0x00007ffe89a694bd:   ff 44 8d 45 08 ff 15 a0 04 7e 00 48 8b 4c 24 30
0x00007ffe89a694cd:   44 8b 44 24 28 8b f5 45 85 c0 7e 4c 4c 89 74 24
0x00007ffe89a694dd:   78 4c 8b f5 49 8b 1c 0e 48 85 ff 74 12 48 8b 07
0x00007ffe89a694ed:   48 39 03 75 0a 48 8b 47 08 48 39 43 08 74 19 48
0x00007ffe89a694fd:   8b 53 08 48 8b 0b e8 38 0e 00 00 48 8b 4c 24 30
0x00007ffe89a6950d:   48 8b fb 44 8b 44 24 28 ff c6 49 83 c6 08 41 3b
0x00007ffe89a6951d:   f0 7c c1 4c 8b 74 24 78 f6 44 24 38 01 48 8b 7c
0x00007ffe89a6952d:   24 70 48 8b 74 24 68 48 8b 5c 24 60 74 18 89 6c
0x00007ffe89a6953d:   24 28 39 6c 24 2c 74 0e 89 6c 24 2c 48 85 c9 74
0x00007ffe89a6954d:   05 e8 4d 56 23 00 48 83 c4 50 5d c3 cc cc cc cc
0x00007ffe89a6955d:   cc cc cc 48 89 5c 24 08 57 48 83 ec 20 8b 41 20
0x00007ffe89a6956d:   48 8b fa ff c0 48 8b d9 89 41 20 83 f8 14 7e 17
0x00007ffe89a6957d:   48 8b 49 18 e8 7a f6 fe ff ff 4b 20 48 8b 5c 24
0x00007ffe89a6958d:   30 48 83 c4 20 5f c3 48 8b 0a 48 8b d3 48 8b 01
0x00007ffe89a6959d:   ff 90 b0 01 00 00 48 8b 0f 48 8b 01 ff 90 38 01
0x00007ffe89a695ad:   00 00 48 85 c0 74 0f 48 8b 0f 48 8b d3 48 8b 01
0x00007ffe89a695bd:   ff 90 b8 01 00 00 ff 4b 20 48 8b 5c 24 30 48 83
0x00007ffe89a695cd:   c4 20 5f c3 cc cc cc cc cc cc cc cc cc cc cc cc
0x00007ffe89a695dd:   cc cc cc 48 89 5c 24 08 56 48 83 ec 20 48 8b 1a
0x00007ffe89a695ed:   48 8b f2 48 85 db 74 21 48 83 7b 28 00 74 1a 48
0x00007ffe89a695fd:   8b 4b 28 e8 fb b7 ff ff 48 3b c3 74 0c 48 8b 4b
0x00007ffe89a6960d:   28 e8 ed b7 ff ff 48 89 06 48 8b 5c 24 30 48 83
0x00007ffe89a6961d:   c4 20 5e c3 cc cc cc cc cc cc cc cc cc cc cc cc
0x00007ffe89a6962d:   cc cc cc 48 89 5c 24 08 48 89 74 24 10 57 48 83
0x00007ffe89a6963d:   ec 20 48 8b 3a 48 8b da 48 8b f1 f6 47 3a 01 75
0x00007ffe89a6964d:   62 48 8b 07 48 8b cf ff 50 18 48 85 c0 75 54 48
0x00007ffe89a6965d:   8b 07 48 8b cf ff 50 10 48 85 c0 75 46 65 48 8b
0x00007ffe89a6966d:   04 25 58 00 00 00 8b 0d ef 4a b7 00 48 8b 3c c8
0x00007ffe89a6967d:   b8 70 00 00 00 80 3c 38 00 75 05 e8 f3 d9 7d 00
0x00007ffe89a6968d:   b8 20 00 00 00 48 8d 15 d7 d9 88 00 48 8b 04 38 


Stack slot to memory mapping:

stack at sp + 0 slots: 0x00007ffe89a695a3 jvm.dll
stack at sp + 1 slots: 0x0000006d524fe550 is pointing into the stack for thread: 0x0000020d735d1020
stack at sp + 2 slots: 0x0000006d524fe550 is pointing into the stack for thread: 0x0000020d735d1020
stack at sp + 3 slots: 0x00000000000003d8 is an unknown value
stack at sp + 4 slots: 0x0000020d272ff210 is at code_begin+-112 in 
[CodeBlob (0x0000020d272ff210)]
Framesize: 0
BufferBlob (0x0000020d272ff210) used for C1 temporary CodeBuffer
stack at sp + 5 slots: 0x0000020d7938c1e0 points into unknown readable memory: 0x00007ffe8a2ee440 | 40 e4 2e 8a fe 7f 00 00
stack at sp + 6 slots: 0x00007ffe89a696ca jvm.dll
stack at sp + 7 slots: 0x0000020d793918d0 points into unknown readable memory: 0x0000020d7938c1e0 | e0 c1 38 79 0d 02 00 00


---------------  P R O C E S S  ---------------

Threads class SMR info:
_java_thread_list=0x0000020d79918c00, length=19, elements={
0x0000020d1a8db320, 0x0000020d721fbaa0, 0x0000020d721fca50, 0x0000020d1ccfbda0,
0x0000020d1ccfedb0, 0x0000020d1cd015c0, 0x0000020d1cd066e0, 0x0000020d1cd07ff0,
0x0000020d735d1020, 0x0000020d736c1ab0, 0x0000020d736f0940, 0x0000020d736f13f0,
0x0000020d791994b0, 0x0000020d79a0ee10, 0x0000020d79d2e270, 0x0000020d79893ee0,
0x0000020d79894540, 0x0000020d7a07d370, 0x0000020d7985e6e0
}

Java Threads: ( => current thread )
  0x0000020d1a8db320 JavaThread "main"                              [_thread_blocked, id=15160, stack(0x0000006d51900000,0x0000006d51a00000) (1024K)]
  0x0000020d721fbaa0 JavaThread "Reference Handler"          daemon [_thread_blocked, id=22252, stack(0x0000006d51d00000,0x0000006d51e00000) (1024K)]
  0x0000020d721fca50 JavaThread "Finalizer"                  daemon [_thread_blocked, id=20196, stack(0x0000006d51e00000,0x0000006d51f00000) (1024K)]
  0x0000020d1ccfbda0 JavaThread "Signal Dispatcher"          daemon [_thread_blocked, id=18556, stack(0x0000006d51f00000,0x0000006d52000000) (1024K)]
  0x0000020d1ccfedb0 JavaThread "Attach Listener"            daemon [_thread_blocked, id=20364, stack(0x0000006d52000000,0x0000006d52100000) (1024K)]
  0x0000020d1cd015c0 JavaThread "Service Thread"             daemon [_thread_blocked, id=8588, stack(0x0000006d52100000,0x0000006d52200000) (1024K)]
  0x0000020d1cd066e0 JavaThread "Monitor Deflation Thread"   daemon [_thread_blocked, id=14640, stack(0x0000006d52200000,0x0000006d52300000) (1024K)]
  0x0000020d1cd07ff0 JavaThread "C2 CompilerThread0"         daemon [_thread_blocked, id=13496, stack(0x0000006d52300000,0x0000006d52400000) (1024K)]
=>0x0000020d735d1020 JavaThread "C1 CompilerThread0"         daemon [_thread_in_native, id=9236, stack(0x0000006d52400000,0x0000006d52500000) (1024K)]
  0x0000020d736c1ab0 JavaThread "Common-Cleaner"             daemon [_thread_blocked, id=11384, stack(0x0000006d52500000,0x0000006d52600000) (1024K)]
  0x0000020d736f0940 JavaThread "C1 CompilerThread1"         daemon [_thread_blocked, id=13500, stack(0x0000006d52600000,0x0000006d52700000) (1024K)]
  0x0000020d736f13f0 JavaThread "C1 CompilerThread2"         daemon [_thread_blocked, id=14160, stack(0x0000006d52700000,0x0000006d52800000) (1024K)]
  0x0000020d791994b0 JavaThread "Notification Thread"        daemon [_thread_blocked, id=20408, stack(0x0000006d52a00000,0x0000006d52b00000) (1024K)]
  0x0000020d79a0ee10 JavaThread "Active Thread: Equinox Container: 7bdcfb6c-4653-4b8b-8b32-2ef1c61c9ecf"        [_thread_blocked, id=18240, stack(0x0000006d53400000,0x0000006d53500000) (1024K)]
  0x0000020d79d2e270 JavaThread "Refresh Thread: Equinox Container: 7bdcfb6c-4653-4b8b-8b32-2ef1c61c9ecf" daemon [_thread_blocked, id=9012, stack(0x0000006d52b00000,0x0000006d52c00000) (1024K)]
  0x0000020d79893ee0 JavaThread "Framework Event Dispatcher: Equinox Container: 7bdcfb6c-4653-4b8b-8b32-2ef1c61c9ecf" daemon [_thread_blocked, id=14032, stack(0x0000006d53200000,0x0000006d53300000) (1024K)]
  0x0000020d79894540 JavaThread "Start Level: Equinox Container: 7bdcfb6c-4653-4b8b-8b32-2ef1c61c9ecf" daemon [_thread_in_native, id=2120, stack(0x0000006d53500000,0x0000006d53600000) (1024K)]
  0x0000020d7a07d370 JavaThread "C2 CompilerThread1"         daemon [_thread_blocked, id=13384, stack(0x0000006d53700000,0x0000006d53800000) (1024K)]
  0x0000020d7985e6e0 JavaThread "Bundle File Closer"         daemon [_thread_blocked, id=20844, stack(0x0000006d53800000,0x0000006d53900000) (1024K)]
Total: 19

Other Threads:
  0x0000020d1ccf1bb0 VMThread "VM Thread"                           [id=7040, stack(0x0000006d51c00000,0x0000006d51d00000) (1024K)]
  0x0000020d720dcb20 WatcherThread "VM Periodic Task Thread"        [id=21300, stack(0x0000006d51b00000,0x0000006d51c00000) (1024K)]
  0x0000020d1cc6c990 WorkerThread "GC Thread#0"                     [id=16364, stack(0x0000006d51a00000,0x0000006d51b00000) (1024K)]
  0x0000020d795cabf0 WorkerThread "GC Thread#1"                     [id=10472, stack(0x0000006d52c00000,0x0000006d52d00000) (1024K)]
  0x0000020d795282c0 WorkerThread "GC Thread#2"                     [id=8904, stack(0x0000006d52d00000,0x0000006d52e00000) (1024K)]
  0x0000020d795c92c0 WorkerThread "GC Thread#3"                     [id=17144, stack(0x0000006d52e00000,0x0000006d52f00000) (1024K)]
  0x0000020d7957a130 WorkerThread "GC Thread#4"                     [id=21576, stack(0x0000006d52f00000,0x0000006d53000000) (1024K)]
  0x0000020d7957a4d0 WorkerThread "GC Thread#5"                     [id=19468, stack(0x0000006d53000000,0x0000006d53100000) (1024K)]
  0x0000020d794330b0 WorkerThread "GC Thread#6"                     [id=17484, stack(0x0000006d53100000,0x0000006d53200000) (1024K)]
  0x0000020d795fc8a0 WorkerThread "GC Thread#7"                     [id=8812, stack(0x0000006d53300000,0x0000006d53400000) (1024K)]
  0x0000020d7a29d1f0 WorkerThread "GC Thread#8"                     [id=21408, stack(0x0000006d52800000,0x0000006d52900000) (1024K)]
  0x0000020d79ad5ef0 WorkerThread "GC Thread#9"                     [id=4800, stack(0x0000006d52900000,0x0000006d52a00000) (1024K)]
  0x0000020d79ad7850 WorkerThread "GC Thread#10"                    [id=22836, stack(0x0000006d53600000,0x0000006d53700000) (1024K)]
Total: 13

Threads with active compile tasks:
C1 CompilerThread0  5474 2359   !   3       java.lang.String::<init> (890 bytes)
Total: 1

VM state: not at safepoint (normal execution)

VM Mutex/Monitor currently owned by a thread: None

Heap address: 0x00000000c0000000, size: 1024 MB, Compressed Oops mode: 32-bit

CDS archive(s) mapped at: [0x0000020d31000000-0x0000020d31ba0000-0x0000020d31ba0000), size 12189696, SharedBaseAddress: 0x0000020d31000000, ArchiveRelocationMode: 1.
Compressed class space mapped at: 0x0000020d32000000-0x0000020d72000000, reserved size: 1073741824
Narrow klass base: 0x0000020d31000000, Narrow klass shift: 0, Narrow klass range: 0x100000000

GC Precious Log:
 CardTable entry size: 512
 CPUs: 16 total, 16 available
 Memory: 15789M
 Large Page Support: Disabled
 NUMA Support: Disabled
 Compressed Oops: Enabled (32-bit)
 Alignments: Space 512K, Generation 512K, Heap 2M
 Heap Min Capacity: 100M
 Heap Initial Capacity: 100M
 Heap Max Capacity: 1G
 Pre-touch: Disabled
 Parallel Workers: 13

Heap:
 PSYoungGen      total 29696K, used 8750K [0x00000000eab00000, 0x00000000ecc00000, 0x0000000100000000)
  eden space 25600K, 18% used [0x00000000eab00000,0x00000000eaf92840,0x00000000ec400000)
  from space 4096K, 99% used [0x00000000ec400000,0x00000000ec7f90b8,0x00000000ec800000)
  to   space 4096K, 0% used [0x00000000ec800000,0x00000000ec800000,0x00000000ecc00000)
 ParOldGen       total 68608K, used 4277K [0x00000000c0000000, 0x00000000c4300000, 0x00000000eab00000)
  object space 68608K, 6% used [0x00000000c0000000,0x00000000c042d410,0x00000000c4300000)
 Metaspace       used 9458K, committed 9856K, reserved 1114112K
  class space    used 967K, committed 1152K, reserved 1048576K

Card table byte_map: [0x0000020d1c5f0000,0x0000020d1c800000] _byte_map_base: 0x0000020d1bff0000

Marking Bits: (ParMarkBitMap*) 0x00007ffe8a5b31f0
 Begin Bits: [0x0000020d2ee40000, 0x0000020d2fe40000)
 End Bits:   [0x0000020d2fe40000, 0x0000020d30e40000)

Polling page: 0x0000020d1aaa0000

Metaspace:

Usage:
  Non-class:      8.29 MB used.
      Class:    967.45 KB used.
       Both:      9.24 MB used.

Virtual space:
  Non-class space:       64.00 MB reserved,       8.50 MB ( 13%) committed,  1 nodes.
      Class space:        1.00 GB reserved,       1.12 MB ( <1%) committed,  1 nodes.
             Both:        1.06 GB reserved,       9.62 MB ( <1%) committed. 

Chunk freelists:
   Non-Class:  7.48 MB
       Class:  14.79 MB
        Both:  22.27 MB

MaxMetaspaceSize: unlimited
CompressedClassSpaceSize: 1.00 GB
Initial GC threshold: 21.00 MB
Current GC threshold: 21.00 MB
CDS: on
 - commit_granule_bytes: 65536.
 - commit_granule_words: 8192.
 - virtual_space_node_default_size: 8388608.
 - enlarge_chunks_in_place: 1.
 - use_allocation_guard: 0.


Internal statistics:

num_allocs_failed_limit: 0.
num_arena_births: 280.
num_arena_deaths: 0.
num_vsnodes_births: 2.
num_vsnodes_deaths: 0.
num_space_committed: 154.
num_space_uncommitted: 0.
num_chunks_returned_to_freelist: 0.
num_chunks_taken_from_freelist: 508.
num_chunk_merges: 0.
num_chunk_splits: 340.
num_chunks_enlarged: 229.
num_inconsistent_stats: 0.

CodeHeap 'non-profiled nmethods': size=119168Kb used=1060Kb max_used=1060Kb free=118107Kb
 bounds [0x0000020d279e0000, 0x0000020d27c50000, 0x0000020d2ee40000]
CodeHeap 'profiled nmethods': size=119104Kb used=4393Kb max_used=4393Kb free=114710Kb
 bounds [0x0000020d1fe40000, 0x0000020d20290000, 0x0000020d27290000]
CodeHeap 'non-nmethods': size=7488Kb used=2359Kb max_used=2954Kb free=5129Kb
 bounds [0x0000020d27290000, 0x0000020d27580000, 0x0000020d279e0000]
 total_blobs=2856 nmethods=2359 adapters=401
 compilation: enabled
              stopped_count=0, restarted_count=0
 full_count=0

Compilation events (20 events):
Event: 5.399 Thread 0x0000020d736f13f0 2351       3       java.util.AbstractCollection::isEmpty (13 bytes)
Event: 5.400 Thread 0x0000020d736f13f0 nmethod 2351 0x0000020d2027d790 code [0x0000020d2027d940, 0x0000020d2027db58]
Event: 5.401 Thread 0x0000020d736f13f0 2352       3       java.util.ResourceBundle::getObject (82 bytes)
Event: 5.401 Thread 0x0000020d736f13f0 nmethod 2352 0x0000020d2027dc10 code [0x0000020d2027dee0, 0x0000020d2027e9f8]
Event: 5.406 Thread 0x0000020d736f13f0 2353       3       java.nio.ByteBuffer::position (6 bytes)
Event: 5.406 Thread 0x0000020d736f13f0 nmethod 2353 0x0000020d2027ee10 code [0x0000020d2027efc0, 0x0000020d2027f188]
Event: 5.414 Thread 0x0000020d736f13f0 2354       3       java.lang.String::substring (58 bytes)
Event: 5.414 Thread 0x0000020d736f0940 2355       3       java.lang.String::indexOf (7 bytes)
Event: 5.414 Thread 0x0000020d736f0940 nmethod 2355 0x0000020d2027f210 code [0x0000020d2027f3c0, 0x0000020d2027f500]
Event: 5.415 Thread 0x0000020d736f13f0 nmethod 2354 0x0000020d2027f590 code [0x0000020d2027f7c0, 0x0000020d2027fd98]
Event: 5.415 Thread 0x0000020d1cd07ff0 2356       4       java.util.Collections$UnmodifiableMap::get (11 bytes)
Event: 5.416 Thread 0x0000020d1cd07ff0 nmethod 2356 0x0000020d27ae6e90 code [0x0000020d27ae7020, 0x0000020d27ae70d0]
Event: 5.416 Thread 0x0000020d735d1020 2357   !   3       org.eclipse.osgi.storage.bundlefile.MRUBundleFileList::add (273 bytes)
Event: 5.418 Thread 0x0000020d735d1020 nmethod 2357 0x0000020d20280010 code [0x0000020d20280340, 0x0000020d202816b8]
Event: 5.429 Thread 0x0000020d7a07d370 nmethod 2349 0x0000020d27ae7190 code [0x0000020d27ae73e0, 0x0000020d27ae8610]
Event: 5.442 Thread 0x0000020d736f13f0 2358       3       java.util.jar.Manifest$FastInputStream::peek (38 bytes)
Event: 5.442 Thread 0x0000020d735d1020 2359   !   3       java.lang.String::<init> (890 bytes)
Event: 5.442 Thread 0x0000020d736f0940 2360 %     3       java.util.jar.Manifest$FastInputStream::readLine @ 86 (296 bytes)
Event: 5.442 Thread 0x0000020d736f13f0 nmethod 2358 0x0000020d20282190 code [0x0000020d20282340, 0x0000020d20282550]
Event: 5.443 Thread 0x0000020d736f0940 nmethod 2360% 0x0000020d20282690 code [0x0000020d202828c0, 0x0000020d20283360]

GC Heap History (6 events):
Event: 0.607 GC heap before
{Heap before GC invocations=1 (full 0):
 PSYoungGen      total 29696K, used 25600K [0x00000000eab00000, 0x00000000ecc00000, 0x0000000100000000)
  eden space 25600K, 100% used [0x00000000eab00000,0x00000000ec400000,0x00000000ec400000)
  from space 4096K, 0% used [0x00000000ec800000,0x00000000ec800000,0x00000000ecc00000)
  to   space 4096K, 0% used [0x00000000ec400000,0x00000000ec400000,0x00000000ec800000)
 ParOldGen       total 68608K, used 0K [0x00000000c0000000, 0x00000000c4300000, 0x00000000eab00000)
  object space 68608K, 0% used [0x00000000c0000000,0x00000000c0000000,0x00000000c4300000)
 Metaspace       used 4183K, committed 4480K, reserved 1114112K
  class space    used 448K, committed 576K, reserved 1048576K
}
Event: 0.613 GC heap after
{Heap after GC invocations=1 (full 0):
 PSYoungGen      total 29696K, used 3703K [0x00000000eab00000, 0x00000000ecc00000, 0x0000000100000000)
  eden space 25600K, 0% used [0x00000000eab00000,0x00000000eab00000,0x00000000ec400000)
  from space 4096K, 90% used [0x00000000ec400000,0x00000000ec79de70,0x00000000ec800000)
  to   space 4096K, 0% used [0x00000000ec800000,0x00000000ec800000,0x00000000ecc00000)
 ParOldGen       total 68608K, used 16K [0x00000000c0000000, 0x00000000c4300000, 0x00000000eab00000)
  object space 68608K, 0% used [0x00000000c0000000,0x00000000c0004000,0x00000000c4300000)
 Metaspace       used 4183K, committed 4480K, reserved 1114112K
  class space    used 448K, committed 576K, reserved 1048576K
}
Event: 1.216 GC heap before
{Heap before GC invocations=2 (full 0):
 PSYoungGen      total 29696K, used 29303K [0x00000000eab00000, 0x00000000ecc00000, 0x0000000100000000)
  eden space 25600K, 100% used [0x00000000eab00000,0x00000000ec400000,0x00000000ec400000)
  from space 4096K, 90% used [0x00000000ec400000,0x00000000ec79de70,0x00000000ec800000)
  to   space 4096K, 0% used [0x00000000ec800000,0x00000000ec800000,0x00000000ecc00000)
 ParOldGen       total 68608K, used 16K [0x00000000c0000000, 0x00000000c4300000, 0x00000000eab00000)
  object space 68608K, 0% used [0x00000000c0000000,0x00000000c0004000,0x00000000c4300000)
 Metaspace       used 7985K, committed 8320K, reserved 1114112K
  class space    used 794K, committed 960K, reserved 1048576K
}
Event: 1.222 GC heap after
{Heap after GC invocations=2 (full 0):
 PSYoungGen      total 29696K, used 4084K [0x00000000eab00000, 0x00000000ecc00000, 0x0000000100000000)
  eden space 25600K, 0% used [0x00000000eab00000,0x00000000eab00000,0x00000000ec400000)
  from space 4096K, 99% used [0x00000000ec800000,0x00000000ecbfd1e8,0x00000000ecc00000)
  to   space 4096K, 0% used [0x00000000ec400000,0x00000000ec400000,0x00000000ec800000)
 ParOldGen       total 68608K, used 1589K [0x00000000c0000000, 0x00000000c4300000, 0x00000000eab00000)
  object space 68608K, 2% used [0x00000000c0000000,0x00000000c018d6b8,0x00000000c4300000)
 Metaspace       used 7985K, committed 8320K, reserved 1114112K
  class space    used 794K, committed 960K, reserved 1048576K
}
Event: 5.234 GC heap before
{Heap before GC invocations=3 (full 0):
 PSYoungGen      total 29696K, used 29671K [0x00000000eab00000, 0x00000000ecc00000, 0x0000000100000000)
  eden space 25600K, 99% used [0x00000000eab00000,0x00000000ec3fcd68,0x00000000ec400000)
  from space 4096K, 99% used [0x00000000ec800000,0x00000000ecbfd1e8,0x00000000ecc00000)
  to   space 4096K, 0% used [0x00000000ec400000,0x00000000ec400000,0x00000000ec800000)
 ParOldGen       total 68608K, used 1589K [0x00000000c0000000, 0x00000000c4300000, 0x00000000eab00000)
  object space 68608K, 2% used [0x00000000c0000000,0x00000000c018d6b8,0x00000000c4300000)
 Metaspace       used 9416K, committed 9792K, reserved 1114112K
  class space    used 966K, committed 1152K, reserved 1048576K
}
Event: 5.239 GC heap after
{Heap after GC invocations=3 (full 0):
 PSYoungGen      total 29696K, used 4068K [0x00000000eab00000, 0x00000000ecc00000, 0x0000000100000000)
  eden space 25600K, 0% used [0x00000000eab00000,0x00000000eab00000,0x00000000ec400000)
  from space 4096K, 99% used [0x00000000ec400000,0x00000000ec7f90b8,0x00000000ec800000)
  to   space 4096K, 0% used [0x00000000ec800000,0x00000000ec800000,0x00000000ecc00000)
 ParOldGen       total 68608K, used 4277K [0x00000000c0000000, 0x00000000c4300000, 0x00000000eab00000)
  object space 68608K, 6% used [0x00000000c0000000,0x00000000c042d410,0x00000000c4300000)
 Metaspace       used 9416K, committed 9792K, reserved 1114112K
  class space    used 966K, committed 1152K, reserved 1048576K
}

Dll operation events (9 events):
Event: 0.007 Loaded shared library c:\Users\yaros\.vscode\extensions\redhat.java-1.42.0-win32-x64\jre\21.0.7-win32-x86_64\bin\java.dll
Event: 0.028 Loaded shared library c:\Users\yaros\.vscode\extensions\redhat.java-1.42.0-win32-x64\jre\21.0.7-win32-x86_64\bin\zip.dll
Event: 0.082 Loaded shared library C:\Users\yaros\.vscode\extensions\redhat.java-1.42.0-win32-x64\jre\21.0.7-win32-x86_64\bin\instrument.dll
Event: 0.085 Loaded shared library C:\Users\yaros\.vscode\extensions\redhat.java-1.42.0-win32-x64\jre\21.0.7-win32-x86_64\bin\net.dll
Event: 0.087 Loaded shared library C:\Users\yaros\.vscode\extensions\redhat.java-1.42.0-win32-x64\jre\21.0.7-win32-x86_64\bin\nio.dll
Event: 0.089 Loaded shared library C:\Users\yaros\.vscode\extensions\redhat.java-1.42.0-win32-x64\jre\21.0.7-win32-x86_64\bin\zip.dll
Event: 0.104 Loaded shared library C:\Users\yaros\.vscode\extensions\redhat.java-1.42.0-win32-x64\jre\21.0.7-win32-x86_64\bin\jimage.dll
Event: 0.161 Loaded shared library c:\Users\yaros\.vscode\extensions\redhat.java-1.42.0-win32-x64\jre\21.0.7-win32-x86_64\bin\verify.dll
Event: 3.140 Loaded shared library C:\Users\yaros\AppData\Roaming\Code\User\globalStorage\redhat.java\1.42.0\config_win\org.eclipse.equinox.launcher\org.eclipse.equinox.launcher.win32.win32.x86_64_1.2.1300.v20250331-1702\eclipse_11911.dll

Deoptimization events (20 events):
Event: 5.380 Thread 0x0000020d79894540 DEOPT PACKING pc=0x0000020d27a4823c sp=0x0000006d535fd800
Event: 5.380 Thread 0x0000020d79894540 DEOPT UNPACKING pc=0x0000020d272e3aa2 sp=0x0000006d535fd798 mode 2
Event: 5.397 Thread 0x0000020d79894540 DEOPT PACKING pc=0x0000020d1ff84aa6 sp=0x0000006d535fe080
Event: 5.397 Thread 0x0000020d79894540 DEOPT UNPACKING pc=0x0000020d272e4242 sp=0x0000006d535fd578 mode 0
Event: 5.414 Thread 0x0000020d79894540 Uncommon trap: trap_request=0xffffff45 fr.pc=0x0000020d27ad0790 relative=0x0000000000000dd0
Event: 5.414 Thread 0x0000020d79894540 Uncommon trap: reason=unstable_if action=reinterpret pc=0x0000020d27ad0790 method=java.lang.String.<init>(Ljava/nio/charset/Charset;[BII)V @ 56 c2
Event: 5.414 Thread 0x0000020d79894540 DEOPT PACKING pc=0x0000020d27ad0790 sp=0x0000006d535fe010
Event: 5.414 Thread 0x0000020d79894540 DEOPT UNPACKING pc=0x0000020d272e3aa2 sp=0x0000006d535fdfa0 mode 2
Event: 5.414 Thread 0x0000020d79894540 Uncommon trap: trap_request=0xffffff45 fr.pc=0x0000020d27a011e4 relative=0x00000000000001c4
Event: 5.414 Thread 0x0000020d79894540 Uncommon trap: reason=unstable_if action=reinterpret pc=0x0000020d27a011e4 method=java.lang.String.indexOf(II)I @ 4 c2
Event: 5.414 Thread 0x0000020d79894540 DEOPT PACKING pc=0x0000020d27a011e4 sp=0x0000006d535fe100
Event: 5.414 Thread 0x0000020d79894540 DEOPT UNPACKING pc=0x0000020d272e3aa2 sp=0x0000006d535fe030 mode 2
Event: 5.414 Thread 0x0000020d79894540 Uncommon trap: trap_request=0xffffff45 fr.pc=0x0000020d27a2cdfc relative=0x000000000000051c
Event: 5.414 Thread 0x0000020d79894540 Uncommon trap: reason=unstable_if action=reinterpret pc=0x0000020d27a2cdfc method=java.lang.String.substring(II)Ljava/lang/String; @ 31 c2
Event: 5.414 Thread 0x0000020d79894540 DEOPT PACKING pc=0x0000020d27a2cdfc sp=0x0000006d535fe0b0
Event: 5.414 Thread 0x0000020d79894540 DEOPT UNPACKING pc=0x0000020d272e3aa2 sp=0x0000006d535fe080 mode 2
Event: 5.414 Thread 0x0000020d79894540 Uncommon trap: trap_request=0xffffff45 fr.pc=0x0000020d279ead0c relative=0x000000000000006c
Event: 5.414 Thread 0x0000020d79894540 Uncommon trap: reason=unstable_if action=reinterpret pc=0x0000020d279ead0c method=java.lang.String.isLatin1()Z @ 10 c2
Event: 5.414 Thread 0x0000020d79894540 DEOPT PACKING pc=0x0000020d279ead0c sp=0x0000006d535fe020
Event: 5.414 Thread 0x0000020d79894540 DEOPT UNPACKING pc=0x0000020d272e3aa2 sp=0x0000006d535fdfb0 mode 2

Classes loaded (20 events):
Event: 3.247 Loading class sun/util/logging/resources/logging_ru_RU
Event: 3.247 Loading class sun/util/logging/resources/logging_ru_RU done
Event: 3.247 Loading class sun/util/logging/resources/logging_ru_RU
Event: 3.247 Loading class sun/util/logging/resources/logging_ru_RU done
Event: 3.248 Loading class java/util/Formatter$DateTime
Event: 3.248 Loading class java/util/Formatter$DateTime done
Event: 3.248 Loading class java/util/Formatter$FixedString
Event: 3.248 Loading class java/util/Formatter$FixedString done
Event: 3.249 Loading class java/time/ZonedDateTime$1
Event: 3.249 Loading class java/time/ZonedDateTime$1 done
Event: 3.255 Loading class jdk/internal/module/ModulePatcher$PatchedModuleReader
Event: 3.256 Loading class jdk/internal/module/ModulePatcher$PatchedModuleReader done
Event: 3.261 Loading class sun/util/resources/LocaleData$CommonResourceBundleProvider
Event: 3.261 Loading class sun/util/resources/LocaleData$LocaleDataResourceBundleProvider
Event: 3.261 Loading class java/util/spi/ResourceBundleProvider
Event: 3.262 Loading class java/util/spi/ResourceBundleProvider done
Event: 3.262 Loading class sun/util/resources/LocaleData$LocaleDataResourceBundleProvider done
Event: 3.262 Loading class sun/util/resources/LocaleData$CommonResourceBundleProvider done
Event: 3.263 Loading class sun/util/resources/Bundles$2
Event: 3.263 Loading class sun/util/resources/Bundles$2 done

Classes unloaded (0 events):
No events

Classes redefined (0 events):
No events

Internal exceptions (20 events):
Event: 0.672 Thread 0x0000020d1a8db320 Implicit null exception at 0x0000020d27a4aa49 to 0x0000020d27a4b4f4
Event: 0.672 Thread 0x0000020d1a8db320 Implicit null exception at 0x0000020d27a4111a to 0x0000020d27a41324
Event: 0.672 Thread 0x0000020d1a8db320 Exception <a 'java/lang/NoSuchMethodError'{0x00000000eae5d230}: 'void java.lang.invoke.DirectMethodHandle$Holder.invokeStatic(java.lang.Object, java.lang.Object, java.lang.Object, java.lang.Object)'> (0x00000000eae5d230) 
thrown [s\src\hotspot\share\interpreter\linkResolver.cpp, line 773]
Event: 0.673 Thread 0x0000020d1a8db320 Implicit null exception at 0x0000020d27a42e9a to 0x0000020d27a430a4
Event: 0.673 Thread 0x0000020d1a8db320 Implicit null exception at 0x0000020d27a3cd3d to 0x0000020d27a3cdc1
Event: 0.704 Thread 0x0000020d1a8db320 Exception <a 'java/lang/NoSuchMethodError'{0x00000000eb099918}: 'long java.lang.invoke.DirectMethodHandle$Holder.invokeStatic(java.lang.Object, java.lang.Object, int)'> (0x00000000eb099918) 
thrown [s\src\hotspot\share\interpreter\linkResolver.cpp, line 773]
Event: 0.705 Thread 0x0000020d1a8db320 Exception <a 'java/lang/NoSuchMethodError'{0x00000000eb0a1558}: 'java.lang.Object java.lang.invoke.DirectMethodHandle$Holder.invokeSpecial(java.lang.Object, java.lang.Object, java.lang.Object, java.lang.Object, long)'> (0x00000000eb0a1558) 
thrown [s\src\hotspot\share\interpreter\linkResolver.cpp, line 773]
Event: 0.706 Thread 0x0000020d1a8db320 Exception <a 'java/lang/NoSuchMethodError'{0x00000000eb0aef50}: 'java.lang.Object java.lang.invoke.DirectMethodHandle$Holder.invokeSpecial(java.lang.Object, java.lang.Object, java.lang.Object, int, java.lang.Object)'> (0x00000000eb0aef50) 
thrown [s\src\hotspot\share\interpreter\linkResolver.cpp, line 773]
Event: 0.709 Thread 0x0000020d1a8db320 Exception <a 'java/lang/NoSuchMethodError'{0x00000000eb0d85b8}: 'int java.lang.invoke.DirectMethodHandle$Holder.invokeStaticInit(java.lang.Object, java.lang.Object, java.lang.Object, java.lang.Object)'> (0x00000000eb0d85b8) 
thrown [s\src\hotspot\share\interpreter\linkResolver.cpp, line 773]
Event: 0.710 Thread 0x0000020d1a8db320 Exception <a 'java/lang/IncompatibleClassChangeError'{0x00000000eb0e0ab8}: Found class java.lang.Object, but interface was expected> (0x00000000eb0e0ab8) 
thrown [s\src\hotspot\share\interpreter\linkResolver.cpp, line 840]
Event: 0.710 Thread 0x0000020d1a8db320 Exception <a 'java/lang/NoSuchMethodError'{0x00000000eb0e4c58}: 'void java.lang.invoke.DirectMethodHandle$Holder.invokeStaticInit(java.lang.Object, java.lang.Object)'> (0x00000000eb0e4c58) 
thrown [s\src\hotspot\share\interpreter\linkResolver.cpp, line 773]
Event: 0.711 Thread 0x0000020d1a8db320 Exception <a 'java/lang/NoSuchMethodError'{0x00000000eb0ebb30}: 'int java.lang.invoke.DirectMethodHandle$Holder.invokeStaticInit(java.lang.Object, java.lang.Object)'> (0x00000000eb0ebb30) 
thrown [s\src\hotspot\share\interpreter\linkResolver.cpp, line 773]
Event: 0.763 Thread 0x0000020d1a8db320 Exception <a 'java/lang/NoSuchMethodError'{0x00000000eb24b3d8}: 'void java.lang.invoke.DirectMethodHandle$Holder.invokeSpecial(java.lang.Object, java.lang.Object, java.lang.Object)'> (0x00000000eb24b3d8) 
thrown [s\src\hotspot\share\interpreter\linkResolver.cpp, line 773]
Event: 0.993 Thread 0x0000020d1a8db320 Exception <a 'java/lang/NoSuchMethodError'{0x00000000ebc30ff0}: 'int java.lang.invoke.DirectMethodHandle$Holder.invokeVirtual(java.lang.Object, java.lang.Object)'> (0x00000000ebc30ff0) 
thrown [s\src\hotspot\share\interpreter\linkResolver.cpp, line 773]
Event: 1.112 Thread 0x0000020d1a8db320 Exception <a 'java/lang/NoSuchMethodError'{0x00000000ebfa6ee8}: 'java.lang.Object java.lang.invoke.DirectMethodHandle$Holder.newInvokeSpecial(java.lang.Object, int, java.lang.Object)'> (0x00000000ebfa6ee8) 
thrown [s\src\hotspot\share\interpreter\linkResolver.cpp, line 773]
Event: 1.152 Thread 0x0000020d1a8db320 Exception <a 'java/lang/NoSuchMethodError'{0x00000000ec128bb8}: 'java.lang.Object java.lang.invoke.DirectMethodHandle$Holder.newInvokeSpecial(java.lang.Object, java.lang.Object, java.lang.Object, java.lang.Object, int, java.lang.Object)'> (0x00000000ec128bb8) 
thrown [s\src\hotspot\share\interpreter\linkResolver.cpp, line 773]
Event: 3.135 Thread 0x0000020d1a8db320 Exception <a 'java/lang/UnsatisfiedLinkError'{0x00000000ead44778}: 'void org.eclipse.equinox.launcher.JNIBridge._update_splash()'> (0x00000000ead44778) 
thrown [s\src\hotspot\share\prims\nativeLookup.cpp, line 415]
Event: 3.216 Thread 0x0000020d79894540 Exception <a 'java/lang/NoSuchMethodError'{0x00000000eb2fc638}: 'java.lang.Object java.lang.invoke.DirectMethodHandle$Holder.newInvokeSpecial(java.lang.Object, java.lang.Object, int, java.lang.Object)'> (0x00000000eb2fc638) 
thrown [s\src\hotspot\share\interpreter\linkResolver.cpp, line 773]
Event: 3.227 Thread 0x0000020d79894540 Exception <a 'java/lang/NoClassDefFoundError'{0x00000000eb39c918}: jakarta/servlet/ServletContainerInitializer> (0x00000000eb39c918) 
thrown [s\src\hotspot\share\classfile\systemDictionary.cpp, line 301]
Event: 3.245 Thread 0x0000020d79894540 Exception <a 'java/lang/ClassNotFoundException'{0x00000000eb502d28}: sun/util/logging/resources/spi/loggingProvider> (0x00000000eb502d28) 
thrown [s\src\hotspot\share\classfile\systemDictionary.cpp, line 312]

ZGC Phase Switch (0 events):
No events

VM Operations (20 events):
Event: 1.216 Executing VM operation: ParallelGCFailedAllocation (Allocation Failure)
Event: 1.222 Executing VM operation: ParallelGCFailedAllocation (Allocation Failure) done
Event: 2.234 Executing VM operation: Cleanup
Event: 2.234 Executing VM operation: Cleanup done
Event: 3.195 Executing VM operation: HandshakeAllThreads (Deoptimize)
Event: 3.195 Executing VM operation: HandshakeAllThreads (Deoptimize) done
Event: 3.237 Executing VM operation: HandshakeAllThreads (Deoptimize)
Event: 3.237 Executing VM operation: HandshakeAllThreads (Deoptimize) done
Event: 3.237 Executing VM operation: Cleanup
Event: 3.237 Executing VM operation: Cleanup done
Event: 3.256 Executing VM operation: HandshakeAllThreads (Deoptimize)
Event: 3.256 Executing VM operation: HandshakeAllThreads (Deoptimize) done
Event: 3.271 Executing VM operation: HandshakeAllThreads (Deoptimize)
Event: 3.271 Executing VM operation: HandshakeAllThreads (Deoptimize) done
Event: 3.277 Executing VM operation: HandshakeAllThreads (Deoptimize)
Event: 3.277 Executing VM operation: HandshakeAllThreads (Deoptimize) done
Event: 4.288 Executing VM operation: Cleanup
Event: 4.288 Executing VM operation: Cleanup done
Event: 5.234 Executing VM operation: ParallelGCFailedAllocation (Allocation Failure)
Event: 5.239 Executing VM operation: ParallelGCFailedAllocation (Allocation Failure) done

Memory protections (0 events):
No events

Nmethod flushes (0 events):
No events

Events (20 events):
Event: 0.109 Thread 0x0000020d736f13f0 Thread added: 0x0000020d7388e1e0
Event: 0.232 Thread 0x0000020d1a8db320 Thread added: 0x0000020d791994b0
Event: 0.305 Thread 0x0000020d736f0940 Thread added: 0x0000020d792ca550
Event: 0.809 Thread 0x0000020d735d1020 Thread added: 0x0000020d798c6630
Event: 0.810 Thread 0x0000020d798c6630 Thread added: 0x0000020d798aa850
Event: 1.070 Thread 0x0000020d1a8db320 Thread added: 0x0000020d79a0ee10
Event: 1.104 Thread 0x0000020d798aa850 Thread exited: 0x0000020d798aa850
Event: 1.469 Thread 0x0000020d798c6630 Thread exited: 0x0000020d798c6630
Event: 1.470 Thread 0x0000020d792ca550 Thread exited: 0x0000020d792ca550
Event: 1.470 Thread 0x0000020d73742630 Thread exited: 0x0000020d73742630
Event: 3.129 Thread 0x0000020d7388e1e0 Thread added: 0x0000020d79d2dbd0
Event: 3.134 Thread 0x0000020d1a8db320 Thread added: 0x0000020d79d2e270
Event: 3.154 Thread 0x0000020d79d2e270 Thread added: 0x0000020d79893ee0
Event: 3.156 Thread 0x0000020d1a8db320 Thread added: 0x0000020d79894540
Event: 3.281 Thread 0x0000020d735d1020 Thread added: 0x0000020d79969a00
Event: 3.656 Thread 0x0000020d79969a00 Thread exited: 0x0000020d79969a00
Event: 4.234 Thread 0x0000020d79d2dbd0 Thread exited: 0x0000020d79d2dbd0
Event: 4.902 Thread 0x0000020d7388e1e0 Thread exited: 0x0000020d7388e1e0
Event: 5.240 Thread 0x0000020d736f13f0 Thread added: 0x0000020d7a07d370
Event: 5.411 Thread 0x0000020d79894540 Thread added: 0x0000020d7985e6e0


Dynamic libraries:
0x00007ff6dac80000 - 0x00007ff6dac8e000 	c:\Users\yaros\.vscode\extensions\redhat.java-1.42.0-win32-x64\jre\21.0.7-win32-x86_64\bin\java.exe
0x00007fff19b60000 - 0x00007fff19dc5000 	C:\WINDOWS\SYSTEM32\ntdll.dll
0x00007fff17c20000 - 0x00007fff17ce9000 	C:\WINDOWS\System32\KERNEL32.DLL
0x00007fff16d70000 - 0x00007fff17158000 	C:\WINDOWS\System32\KERNELBASE.dll
0x00007fff177b0000 - 0x00007fff178fb000 	C:\WINDOWS\System32\ucrtbase.dll
0x00007ffef0be0000 - 0x00007ffef0bf8000 	c:\Users\yaros\.vscode\extensions\redhat.java-1.42.0-win32-x64\jre\21.0.7-win32-x86_64\bin\jli.dll
0x00007ffef3480000 - 0x00007ffef349e000 	c:\Users\yaros\.vscode\extensions\redhat.java-1.42.0-win32-x64\jre\21.0.7-win32-x86_64\bin\VCRUNTIME140.dll
0x00007fff186e0000 - 0x00007fff188aa000 	C:\WINDOWS\System32\USER32.dll
0x00007fff15db0000 - 0x00007fff1604a000 	C:\WINDOWS\WinSxS\amd64_microsoft.windows.common-controls_6595b64144ccf1df_6.0.26100.4202_none_3e0698d4e335f517\COMCTL32.dll
0x00007fff16d40000 - 0x00007fff16d67000 	C:\WINDOWS\System32\win32u.dll
0x00007fff191c0000 - 0x00007fff191eb000 	C:\WINDOWS\System32\GDI32.dll
0x00007fff188b0000 - 0x00007fff18959000 	C:\WINDOWS\System32\msvcrt.dll
0x00007fff17200000 - 0x00007fff17337000 	C:\WINDOWS\System32\gdi32full.dll
0x00007fff17340000 - 0x00007fff173e3000 	C:\WINDOWS\System32\msvcp_win.dll
0x00007fff19070000 - 0x00007fff190a0000 	C:\WINDOWS\System32\IMM32.DLL
0x00007fff06670000 - 0x00007fff0667c000 	c:\Users\yaros\.vscode\extensions\redhat.java-1.42.0-win32-x64\jre\21.0.7-win32-x86_64\bin\vcruntime140_1.dll
0x00007ffeb7f80000 - 0x00007ffeb800d000 	c:\Users\yaros\.vscode\extensions\redhat.java-1.42.0-win32-x64\jre\21.0.7-win32-x86_64\bin\msvcp140.dll
0x00007ffe89900000 - 0x00007ffe8a690000 	c:\Users\yaros\.vscode\extensions\redhat.java-1.42.0-win32-x64\jre\21.0.7-win32-x86_64\bin\server\jvm.dll
0x00007fff17980000 - 0x00007fff17a33000 	C:\WINDOWS\System32\ADVAPI32.dll
0x00007fff190b0000 - 0x00007fff19156000 	C:\WINDOWS\System32\sechost.dll
0x00007fff18e80000 - 0x00007fff18f95000 	C:\WINDOWS\System32\RPCRT4.dll
0x00007fff18c50000 - 0x00007fff18cc4000 	C:\WINDOWS\System32\WS2_32.dll
0x00007fff16b20000 - 0x00007fff16b7e000 	C:\WINDOWS\SYSTEM32\POWRPROF.dll
0x00007fff0e9f0000 - 0x00007fff0e9fb000 	C:\WINDOWS\SYSTEM32\VERSION.dll
0x00007fff12af0000 - 0x00007fff12b25000 	C:\WINDOWS\SYSTEM32\WINMM.dll
0x00007fff16b00000 - 0x00007fff16b14000 	C:\WINDOWS\SYSTEM32\UMPDC.dll
0x00007fff15110000 - 0x00007fff1512b000 	C:\WINDOWS\SYSTEM32\kernel.appcore.dll
0x00007fff05c70000 - 0x00007fff05c7a000 	c:\Users\yaros\.vscode\extensions\redhat.java-1.42.0-win32-x64\jre\21.0.7-win32-x86_64\bin\jimage.dll
0x00007fff16460000 - 0x00007fff166a1000 	C:\WINDOWS\SYSTEM32\DBGHELP.DLL
0x00007fff19200000 - 0x00007fff19585000 	C:\WINDOWS\System32\combase.dll
0x00007fff18960000 - 0x00007fff18a41000 	C:\WINDOWS\System32\OLEAUT32.dll
0x00007fff16350000 - 0x00007fff16389000 	C:\WINDOWS\SYSTEM32\dbgcore.DLL
0x00007fff17160000 - 0x00007fff171f9000 	C:\WINDOWS\System32\bcryptPrimitives.dll
0x00007ffef93e0000 - 0x00007ffef93ef000 	c:\Users\yaros\.vscode\extensions\redhat.java-1.42.0-win32-x64\jre\21.0.7-win32-x86_64\bin\instrument.dll
0x00007ffee6560000 - 0x00007ffee657f000 	c:\Users\yaros\.vscode\extensions\redhat.java-1.42.0-win32-x64\jre\21.0.7-win32-x86_64\bin\java.dll
0x00007fff17ec0000 - 0x00007fff18602000 	C:\WINDOWS\System32\SHELL32.dll
0x00007fff173f0000 - 0x00007fff17564000 	C:\WINDOWS\System32\wintypes.dll
0x00007fff13e70000 - 0x00007fff146c8000 	C:\WINDOWS\SYSTEM32\windows.storage.dll
0x00007fff19590000 - 0x00007fff19681000 	C:\WINDOWS\System32\SHCORE.dll
0x00007fff18be0000 - 0x00007fff18c4a000 	C:\WINDOWS\System32\shlwapi.dll
0x00007fff16bc0000 - 0x00007fff16bef000 	C:\WINDOWS\SYSTEM32\profapi.dll
0x00007ffedfc70000 - 0x00007ffedfc88000 	c:\Users\yaros\.vscode\extensions\redhat.java-1.42.0-win32-x64\jre\21.0.7-win32-x86_64\bin\zip.dll
0x00007ffef7900000 - 0x00007ffef7910000 	C:\Users\yaros\.vscode\extensions\redhat.java-1.42.0-win32-x64\jre\21.0.7-win32-x86_64\bin\net.dll
0x00007fff0e660000 - 0x00007fff0e77e000 	C:\WINDOWS\SYSTEM32\WINHTTP.dll
0x00007fff15650000 - 0x00007fff156ba000 	C:\WINDOWS\system32\mswsock.dll
0x00007ffedd800000 - 0x00007ffedd816000 	C:\Users\yaros\.vscode\extensions\redhat.java-1.42.0-win32-x64\jre\21.0.7-win32-x86_64\bin\nio.dll
0x00007ffef12d0000 - 0x00007ffef12e0000 	c:\Users\yaros\.vscode\extensions\redhat.java-1.42.0-win32-x64\jre\21.0.7-win32-x86_64\bin\verify.dll
0x00007ffeb7ee0000 - 0x00007ffeb7f25000 	C:\Users\yaros\AppData\Roaming\Code\User\globalStorage\redhat.java\1.42.0\config_win\org.eclipse.equinox.launcher\org.eclipse.equinox.launcher.win32.win32.x86_64_1.2.1300.v20250331-1702\eclipse_11911.dll
0x00007fff18cd0000 - 0x00007fff18e6e000 	C:\WINDOWS\System32\ole32.dll

dbghelp: loaded successfully - version: 4.0.5 - missing functions: none
symbol engine: initialized successfully - sym options: 0x614 - pdb path: .;c:\Users\yaros\.vscode\extensions\redhat.java-1.42.0-win32-x64\jre\21.0.7-win32-x86_64\bin;C:\WINDOWS\SYSTEM32;C:\WINDOWS\WinSxS\amd64_microsoft.windows.common-controls_6595b64144ccf1df_6.0.26100.4202_none_3e0698d4e335f517;c:\Users\yaros\.vscode\extensions\redhat.java-1.42.0-win32-x64\jre\21.0.7-win32-x86_64\bin\server;C:\Users\yaros\AppData\Roaming\Code\User\globalStorage\redhat.java\1.42.0\config_win\org.eclipse.equinox.launcher\org.eclipse.equinox.launcher.win32.win32.x86_64_1.2.1300.v20250331-1702

VM Arguments:
jvm_args: --add-modules=ALL-SYSTEM --add-opens=java.base/java.util=ALL-UNNAMED --add-opens=java.base/java.lang=ALL-UNNAMED --add-opens=java.base/sun.nio.fs=ALL-UNNAMED -Declipse.application=org.eclipse.jdt.ls.core.id1 -Dosgi.bundles.defaultStartLevel=4 -Declipse.product=org.eclipse.jdt.ls.core.product -Djava.import.generatesMetadataFilesAtProjectRoot=false -DDetectVMInstallationsJob.disabled=true -Dfile.encoding=utf8 -XX:+UseParallelGC -XX:GCTimeRatio=4 -XX:AdaptiveSizePolicyWeight=90 -Dsun.zip.disableMemoryMapping=true -Xmx1G -Xms100m -Xlog:disable -javaagent:c:\Users\yaros\.vscode\extensions\redhat.java-1.42.0-win32-x64\lombok\lombok-1.18.36.jar -XX:+HeapDumpOnOutOfMemoryError -XX:HeapDumpPath=c:\Users\yaros\AppData\Roaming\Code\User\workspaceStorage\316a1f08d9fef52c3e7b7d1550a68a19\redhat.java -Daether.dependencyCollector.impl=bf 
java_command: c:\Users\yaros\.vscode\extensions\redhat.java-1.42.0-win32-x64\server\plugins\org.eclipse.equinox.launcher_1.7.0.v20250424-1814.jar -configuration c:\Users\yaros\AppData\Roaming\Code\User\globalStorage\redhat.java\1.42.0\config_win -data c:\Users\yaros\AppData\Roaming\Code\User\workspaceStorage\316a1f08d9fef52c3e7b7d1550a68a19\redhat.java\jdt_ws --pipe=\\.\pipe\lsp-e715c901ccaff61cbe51de8c6800fd83-sock
java_class_path (initial): c:\Users\yaros\.vscode\extensions\redhat.java-1.42.0-win32-x64\server\plugins\org.eclipse.equinox.launcher_1.7.0.v20250424-1814.jar
Launcher Type: SUN_STANDARD

[Global flags]
    uintx AdaptiveSizePolicyWeight                 = 90                                        {product} {command line}
     intx CICompilerCount                          = 12                                        {product} {ergonomic}
    uintx GCTimeRatio                              = 4                                         {product} {command line}
     bool HeapDumpOnOutOfMemoryError               = true                                   {manageable} {command line}
    ccstr HeapDumpPath                             = c:\Users\yaros\AppData\Roaming\Code\User\workspaceStorage\316a1f08d9fef52c3e7b7d1550a68a19\redhat.java         {manageable} {command line}
   size_t InitialHeapSize                          = 104857600                                 {product} {command line}
   size_t MaxHeapSize                              = 1073741824                                {product} {command line}
   size_t MaxNewSize                               = 357564416                                 {product} {ergonomic}
   size_t MinHeapDeltaBytes                        = 524288                                    {product} {ergonomic}
   size_t MinHeapSize                              = 104857600                                 {product} {command line}
   size_t NewSize                                  = 34603008                                  {product} {ergonomic}
    uintx NonNMethodCodeHeapSize                   = 7602480                                {pd product} {ergonomic}
    uintx NonProfiledCodeHeapSize                  = 122027880                              {pd product} {ergonomic}
   size_t OldSize                                  = 70254592                                  {product} {ergonomic}
    uintx ProfiledCodeHeapSize                     = 122027880                              {pd product} {ergonomic}
    uintx ReservedCodeCacheSize                    = 251658240                              {pd product} {ergonomic}
     bool SegmentedCodeCache                       = true                                      {product} {ergonomic}
   size_t SoftMaxHeapSize                          = 1073741824                             {manageable} {ergonomic}
     bool UseCompressedOops                        = true                           {product lp64_product} {ergonomic}
     bool UseLargePagesIndividualAllocation        = false                                  {pd product} {ergonomic}
     bool UseParallelGC                            = true                                      {product} {command line}

Logging:
Log output configuration:
 #0: stdout all=off uptime,level,tags foldmultilines=false
 #1: stderr all=off uptime,level,tags foldmultilines=false

Environment Variables:
PATH=C:\Program Files\Eclipse Adoptium\jdk-21.0.7.6-hotspot\bin;C:\Python313\Scripts\;C:\Python313\;C:\Python312\Scripts\;C:\Python312\;C:\WINDOWS\system32;C:\WINDOWS;C:\WINDOWS\System32\Wbem;C:\WINDOWS\System32\WindowsPowerShell\v1.0\;C:\WINDOWS\System32\OpenSSH\;C:\Program Files\NVIDIA Corporation\NVIDIA app\NvDLISR;C:\Program Files (x86)\NVIDIA Corporation\PhysX\Common;C:\Program Files\dotnet\;C:\Program Files\Git\cmd;C:\ProgramData\chocolatey\bin;C:\Program Files\nodejs\;C:\Program Files\Docker\Docker\resources\bin;C:\Users\yaros\AppData\Roaming\npm;C:\Users\yaros\AppData\Local\Android\Sdk\platform-tools;;c:\Users\yaros\AppData\Local\Programs\cursor\resources\app\bin;C:\Users\yaros\AppData\Local\Programs\Python\Python310\Scripts\;C:\Users\yaros\AppData\Local\Programs\Python\Python310\;C:\Program Files\MySQL\MySQL Shell 8.0\bin\;C:\Users\yaros\AppData\Local\Pub\Cache\bin;C:\Users\yaros\AppData\Local\Programs\cursor\resources\app\bin;C:\Users\yaros\AppData\Local\Programs\Microsoft VS Code\bin;C:\Users\yaros\AppData\Local\GitHubDesktop\bin
USERNAME=yaros
OS=Windows_NT
PROCESSOR_IDENTIFIER=AMD64 Family 23 Model 96 Stepping 1, AuthenticAMD
TMP=C:\Users\yaros\AppData\Local\Temp
TEMP=C:\Users\yaros\AppData\Local\Temp




Periodic native trim disabled

---------------  S Y S T E M  ---------------

OS:
 Windows 11 , 64 bit Build 26100 (10.0.26100.4202)
OS uptime: 0 days 5:39 hours
Hyper-V role detected

CPU: total 16 (initial active 16) (16 cores per cpu, 2 threads per core) family 23 model 96 stepping 1 microcode 0x8600104, cx8, cmov, fxsr, ht, mmx, 3dnowpref, sse, sse2, sse3, ssse3, sse4a, sse4.1, sse4.2, popcnt, lzcnt, tsc, tscinvbit, avx, avx2, aes, clmul, bmi1, bmi2, adx, sha, fma, vzeroupper, clflush, clflushopt, hv, rdtscp, rdpid, f16c
Processor Information for the first 16 processors :
  Max Mhz: 2900, Current Mhz: 2900, Mhz Limit: 2900

Memory: 4k page, system-wide physical 15789M (5072M free)
TotalPageFile size 26541M (AvailPageFile size 11065M)
current process WorkingSet (physical memory assigned to process): 109M, peak: 114M
current process commit charge ("private bytes"): 233M, peak: 237M

vm_info: OpenJDK 64-Bit Server VM (21.0.7+6-LTS) for windows-amd64 JRE (21.0.7+6-LTS), built on 2025-04-15T00:00:00Z by "admin" with MS VC++ 17.7 (VS2022)

END.
